0 info it worked if it ends with ok
1 verbose cli [ '/usr/local/bin/node', '/usr/local/bin/npm', 'start' ]
2 info using npm@4.1.2
3 info using node@v7.6.0
4 verbose run-script [ 'prestart', 'start', 'poststart' ]
5 info lifecycle example@0.0.0~prestart: example@0.0.0
6 silly lifecycle example@0.0.0~prestart: no script for prestart, continuing
7 info lifecycle example@0.0.0~start: example@0.0.0
8 verbose lifecycle example@0.0.0~start: unsafe-perm in lifecycle true
9 verbose lifecycle example@0.0.0~start: PATH: /usr/local/lib/node_modules/npm/bin/node-gyp-bin:/home/jbull/Documentos/Projects/angular2-client/node_modules/.bin:/usr/local/heroku/bin:/home/jbull/.rvm/gems/ruby-2.3.0/bin:/home/jbull/.rvm/gems/ruby-2.3.0@global/bin:/home/jbull/.rvm/rubies/ruby-2.3.0/bin:/usr/local/sbin:/usr/local/bin:/usr/sbin:/usr/bin:/sbin:/bin:/usr/games:/usr/local/games:/snap/bin:/home/jbull/.rvm/bin:/home/jbull/.rvm/bin:/usr/local/android-sdk-linux/:/usr/local/android-sdk-linux/tools:/usr/local/android-sdk-linux/platform-tools:/usr/local/android-sdk-linux/build-tools
10 verbose lifecycle example@0.0.0~start: CWD: /home/jbull/Documentos/Projects/angular2-client
11 silly lifecycle example@0.0.0~start: Args: [ '-c', 'ng serve --proxy-config proxy.conf.json' ]
12 silly lifecycle example@0.0.0~start: Returned: code: 1  signal: null
13 info lifecycle example@0.0.0~start: Failed to exec start script
14 verbose stack Error: example@0.0.0 start: `ng serve --proxy-config proxy.conf.json`
14 verbose stack Exit status 1
14 verbose stack     at EventEmitter.<anonymous> (/usr/local/lib/node_modules/npm/lib/utils/lifecycle.js:279:16)
14 verbose stack     at emitTwo (events.js:106:13)
14 verbose stack     at EventEmitter.emit (events.js:192:7)
14 verbose stack     at ChildProcess.<anonymous> (/usr/local/lib/node_modules/npm/lib/utils/spawn.js:40:14)
14 verbose stack     at emitTwo (events.js:106:13)
14 verbose stack     at ChildProcess.emit (events.js:192:7)
14 verbose stack     at maybeClose (internal/child_process.js:890:16)
14 verbose stack     at Process.ChildProcess._handle.onexit (internal/child_process.js:226:5)
15 verbose pkgid example@0.0.0
16 verbose cwd /home/jbull/Documentos/Projects/angular2-client
17 error Linux 4.4.0-71-generic
18 error argv "/usr/local/bin/node" "/usr/local/bin/npm" "start"
19 error node v7.6.0
20 error npm  v4.1.2
21 error code ELIFECYCLE
22 error example@0.0.0 start: `ng serve --proxy-config proxy.conf.json`
22 error Exit status 1
23 error Failed at the example@0.0.0 start script 'ng serve --proxy-config proxy.conf.json'.
23 error Make sure you have the latest version of node.js and npm installed.
23 error If you do, this is most likely a problem with the example package,
23 error not with npm itself.
23 error Tell the author that this fails on your system:
23 error     ng serve --proxy-config proxy.conf.json
23 error You can get information on how to open an issue for this project with:
23 error     npm bugs example
23 error Or if that isn't available, you can get their info via:
23 error     npm owner ls example
23 error There is likely additional logging output above.
24 verbose exit [ 1, true ]
